<?xml version="1.0" encoding="UTF-8"?>
<testng-results skipped="0" failed="0" total="2" passed="2">
  <reporter-output>
  </reporter-output>
  <suite name="Project123" duration-ms="95571" started-at="2019-07-12T03:44:47Z" finished-at="2019-07-12T03:46:23Z">
    <groups>
    </groups>
    <test name="Module1" duration-ms="95571" started-at="2019-07-12T03:44:47Z" finished-at="2019-07-12T03:46:23Z">
      <class name="testnggg.Test2">
        <test-method status="PASS" signature="beforeMethod()[pri:0, instance:testnggg.Test2@2ac1fdc4]" name="beforeMethod" is-config="true" duration-ms="50924" started-at="2019-07-12T09:15:31Z" finished-at="2019-07-12T09:16:22Z">
          <reporter-output>
          </reporter-output>
        </test-method> <!-- beforeMethod -->
        <test-method status="PASS" signature="f()[pri:0, instance:testnggg.Test2@2ac1fdc4]" name="f" duration-ms="162" started-at="2019-07-12T09:16:22Z" finished-at="2019-07-12T09:16:22Z">
          <reporter-output>
          </reporter-output>
        </test-method> <!-- f -->
        <test-method status="PASS" signature="afterMethod()[pri:0, instance:testnggg.Test2@2ac1fdc4]" name="afterMethod" is-config="true" duration-ms="471" started-at="2019-07-12T09:16:22Z" finished-at="2019-07-12T09:16:23Z">
          <reporter-output>
          </reporter-output>
        </test-method> <!-- afterMethod -->
      </class> <!-- testnggg.Test2 -->
      <class name="testnggg.Test1">
        <test-method status="PASS" signature="beforeMethod()[pri:0, instance:testnggg.Test1@71e7a66b]" name="beforeMethod" is-config="true" duration-ms="43302" started-at="2019-07-12T09:14:47Z" finished-at="2019-07-12T09:15:30Z">
          <reporter-output>
          </reporter-output>
        </test-method> <!-- beforeMethod -->
        <test-method status="PASS" signature="f()[pri:0, instance:testnggg.Test1@71e7a66b]" name="f" duration-ms="681" started-at="2019-07-12T09:15:30Z" finished-at="2019-07-12T09:15:31Z">
          <reporter-output>
          </reporter-output>
        </test-method> <!-- f -->
        <test-method status="PASS" signature="afterMethod()[pri:0, instance:testnggg.Test1@71e7a66b]" name="afterMethod" is-config="true" duration-ms="12" started-at="2019-07-12T09:15:31Z" finished-at="2019-07-12T09:15:31Z">
          <reporter-output>
          </reporter-output>
        </test-method> <!-- afterMethod -->
      </class> <!-- testnggg.Test1 -->
    </test> <!-- Module1 -->
  </suite> <!-- Project123 -->
</testng-results>
